<?xml version="1.0" encoding="UTF-8"?>
<!-- Generated by org.testng.reporters.JUnitReportReporter -->
<testsuite skipped="0" hostname="Amlan-PC" name="growfit.Panel.Testcase1" tests="1" failures="0" timestamp="18 Aug 2017 06:03:29 GMT" time="0.009" errors="0">
  <testcase name="f" time="0.009" classname="growfit.Panel.Testcase1"/>
</testsuite> <!-- growfit.Panel.Testcase1 -->
