<?xml version="1.0" encoding="UTF-8"?>
<!-- Generated by org.testng.reporters.JUnitReportReporter -->
<testsuite hostname="Amlan-PC" name="growfit.Panel.Testcase1" tests="1" failures="0" timestamp="4 Aug 2017 10:28:08 GMT" time="0.021" errors="0">
  <testcase name="f" time="0.021" classname="growfit.Panel.Testcase1"/>
</testsuite> <!-- growfit.Panel.Testcase1 -->
