<?xml version="1.0" encoding="UTF-8"?>
<!-- Generated by org.testng.reporters.JUnitReportReporter -->
<testsuite skipped="0" hostname="Amlan-PC" name="growfit.Panel.AppTest" tests="1" failures="0" timestamp="18 Aug 2017 06:03:29 GMT" time="0.002" errors="0">
  <testcase name="testApp" time="0.002" classname="growfit.Panel.AppTest"/>
</testsuite> <!-- growfit.Panel.AppTest -->
